This file contains any messages produced by compilers while
running configure, to aid debugging if configure makes a mistake.

It was created by FULL-PACKAGE-NAME configure VERSION, which was
generated by GNU Autoconf 2.69.  Invocation command line was

  $ ./configure 

## --------- ##
## Platform. ##
## --------- ##

hostname = cactus.u-ga.fr
uname -m = x86_64
uname -r = 4.9.0-2-amd64
uname -s = Linux
uname -v = #1 SMP Debian 4.9.13-1 (2017-02-27)

/usr/bin/uname -p = unknown
/bin/uname -X     = unknown

/bin/arch              = unknown
/usr/bin/arch -k       = unknown
/usr/convex/getsysinfo = unknown
/usr/bin/hostinfo      = unknown
/bin/machine           = unknown
/usr/bin/oslevel       = unknown
/bin/universe          = unknown

PATH: /opt/openmpi-1.10/bin/
PATH: /opt/intel/composer_xe_2013_sp1.1.106/bin/intel64
PATH: /opt/intel/composer_xe_2013_sp1.1.106/mpirt/bin/intel64
PATH: /opt/intel/composer_xe_2013_sp1.1.106/debugger/gdb/intel64_mic/py27/bin
PATH: /opt/intel/composer_xe_2013_sp1.1.106/debugger/gdb/intel64/py27/bin
PATH: /opt/intel/composer_xe_2013_sp1.1.106/bin/intel64
PATH: /opt/intel/composer_xe_2013_sp1.1.106/bin/intel64_mic
PATH: /opt/intel/composer_xe_2013_sp1.1.106/debugger/gui/intel64
PATH: /usr/local/bin
PATH: /usr/bin
PATH: /bin
PATH: /usr/local/games
PATH: /usr/games
PATH: /opt/dell/srvadmin/bin
PATH: /opt/openmpi-1.10/bin


## ----------- ##
## Core tests. ##
## ----------- ##

configure:2134: checking for a BSD-compatible install
configure:2202: result: /usr/bin/install -c
configure:2213: checking whether build environment is sane
configure:2268: result: yes
configure:2419: checking for a thread-safe mkdir -p
configure:2458: result: /bin/mkdir -p
configure:2465: checking for gawk
configure:2481: found /usr/bin/gawk
configure:2492: result: gawk
configure:2503: checking whether make sets $(MAKE)
configure:2525: result: yes
configure:2554: checking whether make supports nested variables
configure:2571: result: yes
configure:2759: checking for mpicc
configure:2775: found /opt/openmpi-1.10/bin//mpicc
configure:2786: result: mpicc
configure:2817: checking for C compiler version
configure:2826: mpicc --version >&5
gcc (Debian 6.3.0-6) 6.3.0 20170205
Copyright (C) 2016 Free Software Foundation, Inc.
This is free software; see the source for copying conditions.  There is NO
warranty; not even for MERCHANTABILITY or FITNESS FOR A PARTICULAR PURPOSE.

configure:2837: $? = 0
configure:2826: mpicc -v >&5
Using built-in specs.
COLLECT_GCC=/usr/bin/gcc
COLLECT_LTO_WRAPPER=/usr/lib/gcc/x86_64-linux-gnu/6/lto-wrapper
Target: x86_64-linux-gnu
Configured with: ../src/configure -v --with-pkgversion='Debian 6.3.0-6' --with-bugurl=file:///usr/share/doc/gcc-6/README.Bugs --enable-languages=c,ada,c++,java,go,d,fortran,objc,obj-c++ --prefix=/usr --program-suffix=-6 --program-prefix=x86_64-linux-gnu- --enable-shared --enable-linker-build-id --libexecdir=/usr/lib --without-included-gettext --enable-threads=posix --libdir=/usr/lib --enable-nls --with-sysroot=/ --enable-clocale=gnu --enable-libstdcxx-debug --enable-libstdcxx-time=yes --with-default-libstdcxx-abi=new --enable-gnu-unique-object --disable-vtable-verify --enable-libmpx --enable-plugin --enable-default-pie --with-system-zlib --disable-browser-plugin --enable-java-awt=gtk --enable-gtk-cairo --with-java-home=/usr/lib/jvm/java-1.5.0-gcj-6-amd64/jre --enable-java-home --with-jvm-root-dir=/usr/lib/jvm/java-1.5.0-gcj-6-amd64 --with-jvm-jar-dir=/usr/lib/jvm-exports/java-1.5.0-gcj-6-amd64 --with-arch-directory=amd64 --with-ecj-jar=/usr/share/java/eclipse-ecj.jar --with-target-system-zlib --enable-objc-gc=auto --enable-multiarch --with-arch-32=i686 --with-abi=m64 --with-multilib-list=m32,m64,mx32 --enable-multilib --with-tune=generic --enable-checking=release --build=x86_64-linux-gnu --host=x86_64-linux-gnu --target=x86_64-linux-gnu
Thread model: posix
gcc version 6.3.0 20170205 (Debian 6.3.0-6) 
configure:2837: $? = 0
configure:2826: mpicc -V >&5
gcc: error: unrecognized command line option '-V'
gcc: fatal error: no input files
compilation terminated.
configure:2837: $? = 1
configure:2826: mpicc -qversion >&5
gcc: error: unrecognized command line option '-qversion'; did you mean '--version'?
gcc: fatal error: no input files
compilation terminated.
configure:2837: $? = 1
configure:2857: checking whether the C compiler works
configure:2879: mpicc    conftest.c  >&5
configure:2883: $? = 0
configure:2931: result: yes
configure:2934: checking for C compiler default output file name
configure:2936: result: a.out
configure:2942: checking for suffix of executables
configure:2949: mpicc -o conftest    conftest.c  >&5
configure:2953: $? = 0
configure:2975: result: 
configure:2997: checking whether we are cross compiling
configure:3005: mpicc -o conftest    conftest.c  >&5
configure:3009: $? = 0
configure:3016: ./conftest
configure:3020: $? = 0
configure:3035: result: no
configure:3040: checking for suffix of object files
configure:3062: mpicc -c   conftest.c >&5
configure:3066: $? = 0
configure:3087: result: o
configure:3091: checking whether we are using the GNU C compiler
configure:3110: mpicc -c   conftest.c >&5
configure:3110: $? = 0
configure:3119: result: yes
configure:3128: checking whether mpicc accepts -g
configure:3148: mpicc -c -g  conftest.c >&5
configure:3148: $? = 0
configure:3189: result: yes
configure:3206: checking for mpicc option to accept ISO C89
configure:3269: mpicc  -c -g -O2  conftest.c >&5
configure:3269: $? = 0
configure:3282: result: none needed
configure:3307: checking whether mpicc understands -c and -o together
configure:3329: mpicc -c conftest.c -o conftest2.o
configure:3332: $? = 0
configure:3329: mpicc -c conftest.c -o conftest2.o
configure:3332: $? = 0
configure:3344: result: yes
configure:3372: checking for style of include used by make
configure:3400: result: GNU
configure:3426: checking dependency style of mpicc
configure:3537: result: gcc3
configure:3555: checking for main in -lpthread
configure:3574: mpicc -o conftest -g -O2   conftest.c -lpthread   >&5
configure:3574: $? = 0
configure:3583: result: yes
configure:3599: checking how to run the C preprocessor
configure:3630: mpicc -E  conftest.c
configure:3630: $? = 0
configure:3644: mpicc -E  conftest.c
conftest.c:11:28: fatal error: ac_nonexistent.h: No such file or directory
 #include <ac_nonexistent.h>
                            ^
compilation terminated.
configure:3644: $? = 1
configure: failed program was:
| /* confdefs.h */
| #define PACKAGE_NAME "FULL-PACKAGE-NAME"
| #define PACKAGE_TARNAME "full-package-name"
| #define PACKAGE_VERSION "VERSION"
| #define PACKAGE_STRING "FULL-PACKAGE-NAME VERSION"
| #define PACKAGE_BUGREPORT "BUG-REPORT-ADDRESS"
| #define PACKAGE_URL ""
| #define PACKAGE "full-package-name"
| #define VERSION "VERSION"
| /* end confdefs.h.  */
| #include <ac_nonexistent.h>
configure:3669: result: mpicc -E
configure:3689: mpicc -E  conftest.c
configure:3689: $? = 0
configure:3703: mpicc -E  conftest.c
conftest.c:11:28: fatal error: ac_nonexistent.h: No such file or directory
 #include <ac_nonexistent.h>
                            ^
compilation terminated.
configure:3703: $? = 1
configure: failed program was:
| /* confdefs.h */
| #define PACKAGE_NAME "FULL-PACKAGE-NAME"
| #define PACKAGE_TARNAME "full-package-name"
| #define PACKAGE_VERSION "VERSION"
| #define PACKAGE_STRING "FULL-PACKAGE-NAME VERSION"
| #define PACKAGE_BUGREPORT "BUG-REPORT-ADDRESS"
| #define PACKAGE_URL ""
| #define PACKAGE "full-package-name"
| #define VERSION "VERSION"
| /* end confdefs.h.  */
| #include <ac_nonexistent.h>
configure:3732: checking for grep that handles long lines and -e
configure:3790: result: /bin/grep
configure:3795: checking for egrep
configure:3857: result: /bin/grep -E
configure:3862: checking for ANSI C header files
configure:3882: mpicc -c -g -O2  conftest.c >&5
configure:3882: $? = 0
configure:3955: mpicc -o conftest -g -O2   conftest.c  >&5
configure:3955: $? = 0
configure:3955: ./conftest
configure:3955: $? = 0
configure:3966: result: yes
configure:3979: checking for sys/types.h
configure:3979: mpicc -c -g -O2  conftest.c >&5
configure:3979: $? = 0
configure:3979: result: yes
configure:3979: checking for sys/stat.h
configure:3979: mpicc -c -g -O2  conftest.c >&5
configure:3979: $? = 0
configure:3979: result: yes
configure:3979: checking for stdlib.h
configure:3979: mpicc -c -g -O2  conftest.c >&5
configure:3979: $? = 0
configure:3979: result: yes
configure:3979: checking for string.h
configure:3979: mpicc -c -g -O2  conftest.c >&5
configure:3979: $? = 0
configure:3979: result: yes
configure:3979: checking for memory.h
configure:3979: mpicc -c -g -O2  conftest.c >&5
configure:3979: $? = 0
configure:3979: result: yes
configure:3979: checking for strings.h
configure:3979: mpicc -c -g -O2  conftest.c >&5
configure:3979: $? = 0
configure:3979: result: yes
configure:3979: checking for inttypes.h
configure:3979: mpicc -c -g -O2  conftest.c >&5
configure:3979: $? = 0
configure:3979: result: yes
configure:3979: checking for stdint.h
configure:3979: mpicc -c -g -O2  conftest.c >&5
configure:3979: $? = 0
configure:3979: result: yes
configure:3979: checking for unistd.h
configure:3979: mpicc -c -g -O2  conftest.c >&5
configure:3979: $? = 0
configure:3979: result: yes
configure:3993: checking mpi.h usability
configure:3993: mpicc -c -g -O2  conftest.c >&5
configure:3993: $? = 0
configure:3993: result: yes
configure:3993: checking mpi.h presence
configure:3993: mpicc -E  conftest.c
configure:3993: $? = 0
configure:3993: result: yes
configure:3993: checking for mpi.h
configure:3993: result: yes
configure:3998: checking for MPI_Init in -lmpi
configure:4023: mpicc -o conftest -g -O2   conftest.c -lmpi   >&5
configure:4023: $? = 0
configure:4032: result: yes
configure:4052: checking for stdlib.h
configure:4052: result: yes
configure:4068: checking for stdlib.h
configure:4068: result: yes
configure:4078: checking for GNU libc compatible malloc
configure:4102: mpicc -o conftest -g -O2   conftest.c  >&5
configure:4102: $? = 0
configure:4102: ./conftest
configure:4102: $? = 0
configure:4112: result: yes
configure:4278: checking that generated files are newer than configure
configure:4284: result: done
configure:4307: creating ./config.status

## ---------------------- ##
## Running config.status. ##
## ---------------------- ##

This file was extended by FULL-PACKAGE-NAME config.status VERSION, which was
generated by GNU Autoconf 2.69.  Invocation command line was

  CONFIG_FILES    = 
  CONFIG_HEADERS  = 
  CONFIG_LINKS    = 
  CONFIG_COMMANDS = 
  $ ./config.status 

on cactus.u-ga.fr

config.status:778: creating Makefile
config.status:950: executing depfiles commands

## ---------------- ##
## Cache variables. ##
## ---------------- ##

ac_cv_c_compiler_gnu=yes
ac_cv_env_CC_set=
ac_cv_env_CC_value=
ac_cv_env_CFLAGS_set=
ac_cv_env_CFLAGS_value=
ac_cv_env_CPPFLAGS_set=
ac_cv_env_CPPFLAGS_value=
ac_cv_env_CPP_set=
ac_cv_env_CPP_value=
ac_cv_env_LDFLAGS_set=
ac_cv_env_LDFLAGS_value=
ac_cv_env_LIBS_set=
ac_cv_env_LIBS_value=
ac_cv_env_build_alias_set=
ac_cv_env_build_alias_value=
ac_cv_env_host_alias_set=
ac_cv_env_host_alias_value=
ac_cv_env_target_alias_set=
ac_cv_env_target_alias_value=
ac_cv_func_malloc_0_nonnull=yes
ac_cv_header_inttypes_h=yes
ac_cv_header_memory_h=yes
ac_cv_header_mpi_h=yes
ac_cv_header_stdc=yes
ac_cv_header_stdint_h=yes
ac_cv_header_stdlib_h=yes
ac_cv_header_string_h=yes
ac_cv_header_strings_h=yes
ac_cv_header_sys_stat_h=yes
ac_cv_header_sys_types_h=yes
ac_cv_header_unistd_h=yes
ac_cv_lib_mpi_MPI_Init=yes
ac_cv_lib_pthread_main=yes
ac_cv_objext=o
ac_cv_path_EGREP='/bin/grep -E'
ac_cv_path_GREP=/bin/grep
ac_cv_path_install='/usr/bin/install -c'
ac_cv_path_mkdir=/bin/mkdir
ac_cv_prog_AWK=gawk
ac_cv_prog_CPP='mpicc -E'
ac_cv_prog_ac_ct_CC=mpicc
ac_cv_prog_cc_c89=
ac_cv_prog_cc_g=yes
ac_cv_prog_make_make_set=yes
am_cv_CC_dependencies_compiler_type=gcc3
am_cv_make_support_nested_variables=yes
am_cv_prog_cc_c_o=yes

## ----------------- ##
## Output variables. ##
## ----------------- ##

ACLOCAL='${SHELL} /home/beys/TEST-TUTO/missing aclocal-1.15'
AMDEPBACKSLASH='\'
AMDEP_FALSE='#'
AMDEP_TRUE=''
AMTAR='$${TAR-tar}'
AM_BACKSLASH='\'
AM_DEFAULT_V='$(AM_DEFAULT_VERBOSITY)'
AM_DEFAULT_VERBOSITY='1'
AM_V='$(V)'
AUTOCONF='${SHELL} /home/beys/TEST-TUTO/missing autoconf'
AUTOHEADER='${SHELL} /home/beys/TEST-TUTO/missing autoheader'
AUTOMAKE='${SHELL} /home/beys/TEST-TUTO/missing automake-1.15'
AWK='gawk'
CC='mpicc'
CCDEPMODE='depmode=gcc3'
CFLAGS='-g -O2'
CPP='mpicc -E'
CPPFLAGS=''
CYGPATH_W='echo'
DEFS='-DPACKAGE_NAME=\"FULL-PACKAGE-NAME\" -DPACKAGE_TARNAME=\"full-package-name\" -DPACKAGE_VERSION=\"VERSION\" -DPACKAGE_STRING=\"FULL-PACKAGE-NAME\ VERSION\" -DPACKAGE_BUGREPORT=\"BUG-REPORT-ADDRESS\" -DPACKAGE_URL=\"\" -DPACKAGE=\"full-package-name\" -DVERSION=\"VERSION\" -DSTDC_HEADERS=1 -DHAVE_SYS_TYPES_H=1 -DHAVE_SYS_STAT_H=1 -DHAVE_STDLIB_H=1 -DHAVE_STRING_H=1 -DHAVE_MEMORY_H=1 -DHAVE_STRINGS_H=1 -DHAVE_INTTYPES_H=1 -DHAVE_STDINT_H=1 -DHAVE_UNISTD_H=1 -DHAVE_MPI_H=1 -DHAVE_STDLIB_H=1 -DHAVE_STDLIB_H=1 -DHAVE_MALLOC=1'
DEPDIR='.deps'
ECHO_C=''
ECHO_N='-n'
ECHO_T=''
EGREP='/bin/grep -E'
EXEEXT=''
GREP='/bin/grep'
INSTALL_DATA='${INSTALL} -m 644'
INSTALL_PROGRAM='${INSTALL}'
INSTALL_SCRIPT='${INSTALL}'
INSTALL_STRIP_PROGRAM='$(install_sh) -c -s'
LDFLAGS=''
LIBOBJS=''
LIBS=''
LTLIBOBJS=''
MAKEINFO='${SHELL} /home/beys/TEST-TUTO/missing makeinfo'
MKDIR_P='/bin/mkdir -p'
OBJEXT='o'
PACKAGE='full-package-name'
PACKAGE_BUGREPORT='BUG-REPORT-ADDRESS'
PACKAGE_NAME='FULL-PACKAGE-NAME'
PACKAGE_STRING='FULL-PACKAGE-NAME VERSION'
PACKAGE_TARNAME='full-package-name'
PACKAGE_URL=''
PACKAGE_VERSION='VERSION'
PATH_SEPARATOR=':'
SET_MAKE=''
SHELL='/bin/bash'
STRIP=''
VERSION='VERSION'
ac_ct_CC='mpicc'
am__EXEEXT_FALSE=''
am__EXEEXT_TRUE='#'
am__fastdepCC_FALSE='#'
am__fastdepCC_TRUE=''
am__include='include'
am__isrc=''
am__leading_dot='.'
am__nodep='_no'
am__quote=''
am__tar='$${TAR-tar} chof - "$$tardir"'
am__untar='$${TAR-tar} xf -'
bindir='${exec_prefix}/bin'
build_alias=''
datadir='${datarootdir}'
datarootdir='${prefix}/share'
docdir='${datarootdir}/doc/${PACKAGE_TARNAME}'
dvidir='${docdir}'
exec_prefix='${prefix}'
host_alias=''
htmldir='${docdir}'
includedir='${prefix}/include'
infodir='${datarootdir}/info'
install_sh='${SHELL} /home/beys/TEST-TUTO/install-sh'
libdir='${exec_prefix}/lib'
libexecdir='${exec_prefix}/libexec'
localedir='${datarootdir}/locale'
localstatedir='${prefix}/var'
mandir='${datarootdir}/man'
mkdir_p='$(MKDIR_P)'
oldincludedir='/usr/include'
pdfdir='${docdir}'
prefix='/usr/local'
program_transform_name='s,x,x,'
psdir='${docdir}'
runstatedir='${localstatedir}/run'
sbindir='${exec_prefix}/sbin'
sharedstatedir='${prefix}/com'
sysconfdir='${prefix}/etc'
target_alias=''

## ----------- ##
## confdefs.h. ##
## ----------- ##

/* confdefs.h */
#define PACKAGE_NAME "FULL-PACKAGE-NAME"
#define PACKAGE_TARNAME "full-package-name"
#define PACKAGE_VERSION "VERSION"
#define PACKAGE_STRING "FULL-PACKAGE-NAME VERSION"
#define PACKAGE_BUGREPORT "BUG-REPORT-ADDRESS"
#define PACKAGE_URL ""
#define PACKAGE "full-package-name"
#define VERSION "VERSION"
#define STDC_HEADERS 1
#define HAVE_SYS_TYPES_H 1
#define HAVE_SYS_STAT_H 1
#define HAVE_STDLIB_H 1
#define HAVE_STRING_H 1
#define HAVE_MEMORY_H 1
#define HAVE_STRINGS_H 1
#define HAVE_INTTYPES_H 1
#define HAVE_STDINT_H 1
#define HAVE_UNISTD_H 1
#define HAVE_MPI_H 1
#define HAVE_STDLIB_H 1
#define HAVE_STDLIB_H 1
#define HAVE_MALLOC 1

configure: exit 0
